<?xml version="1.0" encoding="UTF-8"?>
<!-- Generated by org.testng.reporters.JUnitXMLReporter -->
<testsuite ignored="0" hostname="DESKTOP-C2I0Q31" failures="0" tests="7" name="Default test" time="4.6" errors="0" timestamp="31 Dec 2019 18:21:29 GMT">
  <testcase classname="com.qa.restassured.test.Tc001_SingleRestAssured_GET_Test" name="getAllEmployeeRecords" time="0.071"/>
  <testcase classname="com.qa.restassured.test.Tc001_SingleRestAssured_GET_Test" name="checkStatusCode" time="0.011"/>
  <testcase classname="com.qa.restassured.test.Tc001_SingleRestAssured_GET_Test" name="checkStatusLine" time="0.016"/>
  <testcase classname="com.qa.restassured.test.Tc001_SingleRestAssured_GET_Test" name="checkHeaders" time="0.008"/>
  <testcase classname="com.qa.restassured.test.Tc001_SingleRestAssured_GET_Test" name="checkResponseTime" time="0.014"/>
  <testcase classname="com.qa.restassured.test.Tc001_SingleRestAssured_GET_Test" name="checkCookies" time="0.007"/>
  <testcase classname="com.qa.restassured.test.Tc001_SingleRestAssured_GET_Test" name="checkserverType" time="0.003"/>
</testsuite> <!-- Default test -->
